c:\users\shradha shalini\documents\kinect2sample-master\sample\build2\cmakefiles\generate.stamp
c:\users\shradha shalini\documents\kinect2sample-master\sample\build2\color\cmakefiles\generate.stamp
c:\users\shradha shalini\documents\kinect2sample-master\sample\build2\depth\cmakefiles\generate.stamp
c:\users\shradha shalini\documents\kinect2sample-master\sample\build2\infrared\cmakefiles\generate.stamp
c:\users\shradha shalini\documents\kinect2sample-master\sample\build2\bodyindex\cmakefiles\generate.stamp
c:\users\shradha shalini\documents\kinect2sample-master\sample\build2\body\cmakefiles\generate.stamp
c:\users\shradha shalini\documents\kinect2sample-master\sample\build2\jointsmooth\cmakefiles\generate.stamp
c:\users\shradha shalini\documents\kinect2sample-master\sample\build2\multisource\cmakefiles\generate.stamp
c:\users\shradha shalini\documents\kinect2sample-master\sample\build2\coordinatemapper\cmakefiles\generate.stamp
c:\users\shradha shalini\documents\kinect2sample-master\sample\build2\face\cmakefiles\generate.stamp
c:\users\shradha shalini\documents\kinect2sample-master\sample\build2\hdface\cmakefiles\generate.stamp
c:\users\shradha shalini\documents\kinect2sample-master\sample\build2\fusion\cmakefiles\generate.stamp
c:\users\shradha shalini\documents\kinect2sample-master\sample\build2\gesture\cmakefiles\generate.stamp
c:\users\shradha shalini\documents\kinect2sample-master\sample\build2\speech\cmakefiles\generate.stamp
c:\users\shradha shalini\documents\kinect2sample-master\sample\build2\audiobeam\cmakefiles\generate.stamp
c:\users\shradha shalini\documents\kinect2sample-master\sample\build2\audiobody\cmakefiles\generate.stamp
c:\users\shradha shalini\documents\kinect2sample-master\sample\build2\chromakey\cmakefiles\generate.stamp
c:\users\shradha shalini\documents\kinect2sample-master\sample\build2\faceclip\cmakefiles\generate.stamp
c:\users\shradha shalini\documents\kinect2sample-master\sample\build2\x64\debug\zero_check\zero_check.tlog\custombuild.command.1.tlog
c:\users\shradha shalini\documents\kinect2sample-master\sample\build2\x64\debug\zero_check\zero_check.tlog\custombuild.read.1.tlog
c:\users\shradha shalini\documents\kinect2sample-master\sample\build2\x64\debug\zero_check\zero_check.tlog\custombuild.write.1.tlog
